{"logTime": "0525/105155", "correlationVector":"YWLiFOz5ifaa8EpbDF1iuu.0","action":"AAD.AddCommitKey", "result":"Fail", "context":MIP service disabled}
{"logTime": "0525/111802", "correlationVector":"6Ts6qj8ypaQapHyLZnfDOF.0","action":"FeedSettingFetch_homeCloud", "result":"0", "context":{}}
{"logTime": "0525/111802", "correlationVector":"jPQhYVvWAXjRKhdhlmXaQp.1","action":"SyncServerConnectionManagerRequest", "result":"SYNC_SERVER_OK", "context":{"environment":"48F630A6-CB1B-4CC7-86AF-0F6627234B58", "server":"DB5PEPF0000BD0A"}}
{"logTime": "0525/111802", "correlationVector":"jPQhYVvWAXjRKhdhlmXaQp.2","action":"AAD.GetKeyResponse", "result":"Fail", "context":Keys=0.LastKeyStatus=Empty.State=Pending.NewKey was pending}
{"logTime": "0525/111802", "correlationVector":"jPQhYVvWAXjRKhdhlmXaQp","action":"Initial GetUpdates", "result":""}
{"logTime": "0525/111802", "correlationVector":"jPQhYVvWAXjRKhdhlmXaQp.3","action":"GetUpdates Response", "result":"SYNCER_OK"}
{"logTime": "0525/111802", "correlationVector":"bR2pu+vUXjTFEEXAgzt4gG","action":"Normal GetUpdate request", "result":""}
{"logTime": "0525/111802", "correlationVector":"bR2pu+vUXjTFEEXAgzt4gG.1","action":"SyncServerConnectionManagerRequest", "result":"SYNC_SERVER_OK", "context":{"environment":"48F630A6-CB1B-4CC7-86AF-0F6627234B58", "server":"DB5PEPF0000BD0A"}}
{"logTime": "0525/111802", "correlationVector":"bR2pu+vUXjTFEEXAgzt4gG.2","action":"AAD.GetKeyResponse", "result":"Fail", "context":Keys=0.LastKeyStatus=Empty.State=Pending.NewKey was pending}
{"logTime": "0525/111802", "correlationVector":"bR2pu+vUXjTFEEXAgzt4gG.3","action":"GetUpdates Response", "result":"SYNCER_OK"}
{"logTime": "0525/111937", "correlationVector":"XCj+A3CdnLvtfAp5G2Gm/0.0","action":"FeedSettingFetch_homeCloud", "result":"0", "context":{}}
{"logTime": "0525/111937", "correlationVector":"QvjubmjD1wX5U3BbrT15ew.1","action":"SyncServerConnectionManagerRequest", "result":"SYNC_SERVER_OK", "context":{"environment":"48F630A6-CB1B-4CC7-86AF-0F6627234B58", "server":"DB5PEPF000043D5"}}
{"logTime": "0525/111937", "correlationVector":"QvjubmjD1wX5U3BbrT15ew.2","action":"AAD.GetKeyResponse", "result":"Fail", "context":Keys=0.LastKeyStatus=Empty.State=Pending.NewKey was pending}
{"logTime": "0525/111937", "correlationVector":"QvjubmjD1wX5U3BbrT15ew","action":"Initial GetUpdates", "result":""}
{"logTime": "0525/111937", "correlationVector":"QvjubmjD1wX5U3BbrT15ew.3","action":"GetUpdates Response", "result":"SYNCER_OK"}
{"logTime": "0525/111937", "correlationVector":"vp5TNME1q5JgPDn1mGjWdv","action":"Normal GetUpdate request", "result":""}
{"logTime": "0525/111937", "correlationVector":"vp5TNME1q5JgPDn1mGjWdv.1","action":"SyncServerConnectionManagerRequest", "result":"SYNC_SERVER_OK", "context":{"environment":"48F630A6-CB1B-4CC7-86AF-0F6627234B58", "server":"DB5PEPF000043D5"}}
{"logTime": "0525/111937", "correlationVector":"vp5TNME1q5JgPDn1mGjWdv.2","action":"AAD.GetKeyResponse", "result":"Fail", "context":Keys=0.LastKeyStatus=Empty.State=Pending.NewKey was pending}
{"logTime": "0525/111937", "correlationVector":"vp5TNME1q5JgPDn1mGjWdv.3","action":"GetUpdates Response", "result":"SYNCER_OK"}
{"logTime": "0525/144830", "correlationVector":"U8pib90gpG5C8xjJxoEVq5.0","action":"FeedSettingFetch_homeCloud", "result":"0", "context":{}}
{"logTime": "0525/144831", "correlationVector":"q/GhzspMLpq6MNfRJwQlHv.1","action":"SyncServerConnectionManagerRequest", "result":"SYNC_SERVER_OK", "context":{"environment":"48F630A6-CB1B-4CC7-86AF-0F6627234B58", "server":"AM3PEPF00003872"}}
{"logTime": "0525/144831", "correlationVector":"q/GhzspMLpq6MNfRJwQlHv.2","action":"AAD.GetKeyResponse", "result":"Fail", "context":Keys=0.LastKeyStatus=Empty.State=Pending.NewKey was pending}
{"logTime": "0525/144831", "correlationVector":"q/GhzspMLpq6MNfRJwQlHv","action":"Initial GetUpdates", "result":""}
{"logTime": "0525/144831", "correlationVector":"q/GhzspMLpq6MNfRJwQlHv.3","action":"GetUpdates Response", "result":"SYNCER_OK"}
{"logTime": "0525/144831", "correlationVector":"OftMkHHzKHZ0H8Bom5UpLR","action":"Normal GetUpdate request", "result":""}
{"logTime": "0525/144831", "correlationVector":"OftMkHHzKHZ0H8Bom5UpLR.1","action":"SyncServerConnectionManagerRequest", "result":"SYNC_SERVER_OK", "context":{"environment":"48F630A6-CB1B-4CC7-86AF-0F6627234B58", "server":"AM3PEPF00003872"}}
{"logTime": "0525/144831", "correlationVector":"OftMkHHzKHZ0H8Bom5UpLR.2","action":"AAD.GetKeyResponse", "result":"Fail", "context":Keys=0.LastKeyStatus=Empty.State=Pending.NewKey was pending}
{"logTime": "0525/144831", "correlationVector":"OftMkHHzKHZ0H8Bom5UpLR.3","action":"GetUpdates Response", "result":"SYNCER_OK"}
{"logTime": "0527/151907", "correlationVector":"EiwMGqxdcLh9v26KeD1Au0.0","action":"FeedSettingFetch_homeCloud", "result":"0", "context":{}}
{"logTime": "0527/151907", "correlationVector":"vVIxH6Yf+rkHpsdrNKf2AV.1","action":"SyncServerConnectionManagerRequest", "result":"SYNC_SERVER_OK", "context":{"environment":"48F630A6-CB1B-4CC7-86AF-0F6627234B58", "server":"AM3PEPF00003871"}}
{"logTime": "0527/151907", "correlationVector":"vVIxH6Yf+rkHpsdrNKf2AV.2","action":"AAD.GetKeyResponse", "result":"Fail", "context":Keys=0.LastKeyStatus=Empty.State=Pending.NewKey was pending}
{"logTime": "0527/151907", "correlationVector":"vVIxH6Yf+rkHpsdrNKf2AV","action":"Initial GetUpdates", "result":""}
{"logTime": "0527/151907", "correlationVector":"vVIxH6Yf+rkHpsdrNKf2AV.3","action":"GetUpdates Response", "result":"SYNCER_OK"}
{"logTime": "0527/151907", "correlationVector":"QlN/g42XDYv93rrdpODhgY","action":"Normal GetUpdate request", "result":""}
{"logTime": "0527/151907", "correlationVector":"QlN/g42XDYv93rrdpODhgY.1","action":"SyncServerConnectionManagerRequest", "result":"SYNC_SERVER_OK", "context":{"environment":"48F630A6-CB1B-4CC7-86AF-0F6627234B58", "server":"AM3PEPF00003871"}}
{"logTime": "0527/151907", "correlationVector":"QlN/g42XDYv93rrdpODhgY.2","action":"AAD.GetKeyResponse", "result":"Fail", "context":Keys=0.LastKeyStatus=Empty.State=Pending.NewKey was pending}
{"logTime": "0527/151907", "correlationVector":"QlN/g42XDYv93rrdpODhgY.3","action":"GetUpdates Response", "result":"SYNCER_OK"}
{"logTime": "0527/151957", "correlationVector":"4QxElJF8YAZYmmIDGBqgyX","action":"Poll GetUpdate request", "result":""}
{"logTime": "0527/151957", "correlationVector":"4QxElJF8YAZYmmIDGBqgyX.1","action":"SyncServerConnectionManagerRequest", "result":"SYNC_SERVER_OK", "context":{"environment":"48F630A6-CB1B-4CC7-86AF-0F6627234B58", "server":"DB5PEPF000043EB"}}
{"logTime": "0527/151957", "correlationVector":"4QxElJF8YAZYmmIDGBqgyX.2","action":"AAD.GetKeyResponse", "result":"Fail", "context":Keys=0.LastKeyStatus=Empty.State=Pending.NewKey was pending}
{"logTime": "0527/151957", "correlationVector":"4QxElJF8YAZYmmIDGBqgyX.3","action":"GetUpdates Response", "result":"SYNCER_OK"}
{"logTime": "0528/162146", "correlationVector":"zYU8LdLAjturMh1JTUKOYW.0","action":"FeedSettingFetch_homeCloud", "result":"0", "context":{}}
{"logTime": "0528/162146", "correlationVector":"TSWMqJoCFz7v80HwIIImbc.1","action":"SyncServerConnectionManagerRequest", "result":"SYNC_SERVER_OK", "context":{"environment":"48F630A6-CB1B-4CC7-86AF-0F6627234B58", "server":"DB5PEPF000043D2"}}
{"logTime": "0528/162146", "correlationVector":"TSWMqJoCFz7v80HwIIImbc.2","action":"AAD.GetKeyResponse", "result":"Fail", "context":Keys=0.LastKeyStatus=Empty.State=Pending.NewKey was pending}
{"logTime": "0528/162146", "correlationVector":"TSWMqJoCFz7v80HwIIImbc","action":"Initial GetUpdates", "result":""}
{"logTime": "0528/162146", "correlationVector":"TSWMqJoCFz7v80HwIIImbc.3","action":"GetUpdates Response", "result":"SYNCER_OK"}
{"logTime": "0528/162146", "correlationVector":"gGemvh7yY2lTwOQcQsbeC+","action":"Normal GetUpdate request", "result":""}
{"logTime": "0528/162146", "correlationVector":"gGemvh7yY2lTwOQcQsbeC+.1","action":"SyncServerConnectionManagerRequest", "result":"SYNC_SERVER_OK", "context":{"environment":"48F630A6-CB1B-4CC7-86AF-0F6627234B58", "server":"DB5PEPF000043D2"}}
{"logTime": "0528/162146", "correlationVector":"gGemvh7yY2lTwOQcQsbeC+.2","action":"AAD.GetKeyResponse", "result":"Fail", "context":Keys=0.LastKeyStatus=Empty.State=Pending.NewKey was pending}
{"logTime": "0528/162146", "correlationVector":"gGemvh7yY2lTwOQcQsbeC+.3","action":"GetUpdates Response", "result":"SYNCER_OK"}
{"logTime": "0528/162253", "correlationVector":"j+afK2gBPQjxY5jfA1V7Hm","action":"Poll GetUpdate request", "result":""}
{"logTime": "0528/162253", "correlationVector":"j+afK2gBPQjxY5jfA1V7Hm.1","action":"SyncServerConnectionManagerRequest", "result":"SYNC_SERVER_OK", "context":{"environment":"48F630A6-CB1B-4CC7-86AF-0F6627234B58", "server":"DB5PEPF000043EA"}}
{"logTime": "0528/162253", "correlationVector":"j+afK2gBPQjxY5jfA1V7Hm.2","action":"AAD.GetKeyResponse", "result":"Fail", "context":Keys=0.LastKeyStatus=Empty.State=Pending.NewKey was pending}
{"logTime": "0528/162253", "correlationVector":"j+afK2gBPQjxY5jfA1V7Hm.3","action":"GetUpdates Response", "result":"SYNCER_OK"}
{"logTime": "0528/203347", "correlationVector":"TL6MFNh5hAa4oivfHszZwz.0","action":"FeedSettingFetch_homeCloud", "result":"0", "context":{}}
{"logTime": "0528/203347", "correlationVector":"3e65qLStWiAL8h5z3AJwoO.1","action":"SyncServerConnectionManagerRequest", "result":"SYNC_SERVER_OK", "context":{"environment":"48F630A6-CB1B-4CC7-86AF-0F6627234B58", "server":"DB5PEPF000043E1"}}
{"logTime": "0528/203347", "correlationVector":"3e65qLStWiAL8h5z3AJwoO.2","action":"AAD.GetKeyResponse", "result":"Fail", "context":Keys=0.LastKeyStatus=Empty.State=Pending.NewKey was pending}
{"logTime": "0528/203347", "correlationVector":"3e65qLStWiAL8h5z3AJwoO","action":"Initial GetUpdates", "result":""}
{"logTime": "0528/203347", "correlationVector":"3e65qLStWiAL8h5z3AJwoO.3","action":"GetUpdates Response", "result":"SYNCER_OK"}
{"logTime": "0528/203347", "correlationVector":"67ppaFRGdDVREnLjO38Fig","action":"Normal GetUpdate request", "result":""}
{"logTime": "0528/203347", "correlationVector":"67ppaFRGdDVREnLjO38Fig.1","action":"SyncServerConnectionManagerRequest", "result":"SYNC_SERVER_OK", "context":{"environment":"48F630A6-CB1B-4CC7-86AF-0F6627234B58", "server":"DB5PEPF000043E1"}}
{"logTime": "0528/203347", "correlationVector":"67ppaFRGdDVREnLjO38Fig.2","action":"AAD.GetKeyResponse", "result":"Fail", "context":Keys=0.LastKeyStatus=Empty.State=Pending.NewKey was pending}
{"logTime": "0528/203347", "correlationVector":"67ppaFRGdDVREnLjO38Fig.3","action":"GetUpdates Response", "result":"SYNCER_OK"}
{"logTime": "0528/204342", "correlationVector":"ZCR113M8p51zEi1aRC6h09.0","action":"FeedSettingFetch_homeCloud", "result":"0", "context":{}}
{"logTime": "0528/204342", "correlationVector":"6VzV3SZgK8uTNRvCzkXspv.1","action":"SyncServerConnectionManagerRequest", "result":"SYNC_SERVER_OK", "context":{"environment":"48F630A6-CB1B-4CC7-86AF-0F6627234B58", "server":"DB5PEPF000043E9"}}
{"logTime": "0528/204342", "correlationVector":"6VzV3SZgK8uTNRvCzkXspv.2","action":"AAD.GetKeyResponse", "result":"Fail", "context":Keys=0.LastKeyStatus=Empty.State=Pending.NewKey was pending}
{"logTime": "0528/204342", "correlationVector":"6VzV3SZgK8uTNRvCzkXspv","action":"Initial GetUpdates", "result":""}
{"logTime": "0528/204342", "correlationVector":"6VzV3SZgK8uTNRvCzkXspv.3","action":"GetUpdates Response", "result":"SYNCER_OK"}
{"logTime": "0528/204342", "correlationVector":"0AuATCt56F5Ge+YiOTvz8r","action":"Normal GetUpdate request", "result":""}
{"logTime": "0528/204342", "correlationVector":"0AuATCt56F5Ge+YiOTvz8r.1","action":"SyncServerConnectionManagerRequest", "result":"SYNC_SERVER_OK", "context":{"environment":"48F630A6-CB1B-4CC7-86AF-0F6627234B58", "server":"DB5PEPF000043E9"}}
{"logTime": "0528/204342", "correlationVector":"0AuATCt56F5Ge+YiOTvz8r.2","action":"AAD.GetKeyResponse", "result":"Fail", "context":Keys=0.LastKeyStatus=Empty.State=Pending.NewKey was pending}
{"logTime": "0528/204342", "correlationVector":"0AuATCt56F5Ge+YiOTvz8r.3","action":"GetUpdates Response", "result":"SYNCER_OK"}
{"logTime": "0528/205826", "correlationVector":"ur3D2Em0zRUDEocnxteuCM.0","action":"FeedSettingFetch_homeCloud", "result":"0", "context":{}}
{"logTime": "0528/205826", "correlationVector":"xRbKYHGLhiwCb9cqpsEOkW.1","action":"SyncServerConnectionManagerRequest", "result":"SYNC_SERVER_OK", "context":{"environment":"48F630A6-CB1B-4CC7-86AF-0F6627234B58", "server":"DB5PEPF000043D2"}}
{"logTime": "0528/205826", "correlationVector":"xRbKYHGLhiwCb9cqpsEOkW.2","action":"AAD.GetKeyResponse", "result":"Fail", "context":Keys=0.LastKeyStatus=Empty.State=Pending.NewKey was pending}
{"logTime": "0528/205826", "correlationVector":"xRbKYHGLhiwCb9cqpsEOkW","action":"Initial GetUpdates", "result":""}
{"logTime": "0528/205826", "correlationVector":"xRbKYHGLhiwCb9cqpsEOkW.3","action":"GetUpdates Response", "result":"SYNCER_OK"}
{"logTime": "0528/205826", "correlationVector":"yRnFr2QTgmIOUo/RVG0Ivj","action":"Normal GetUpdate request", "result":""}
{"logTime": "0528/205826", "correlationVector":"yRnFr2QTgmIOUo/RVG0Ivj.1","action":"SyncServerConnectionManagerRequest", "result":"SYNC_SERVER_OK", "context":{"environment":"48F630A6-CB1B-4CC7-86AF-0F6627234B58", "server":"DB5PEPF000043D2"}}
{"logTime": "0528/205826", "correlationVector":"yRnFr2QTgmIOUo/RVG0Ivj.2","action":"AAD.GetKeyResponse", "result":"Fail", "context":Keys=0.LastKeyStatus=Empty.State=Pending.NewKey was pending}
{"logTime": "0528/205826", "correlationVector":"yRnFr2QTgmIOUo/RVG0Ivj.3","action":"GetUpdates Response", "result":"SYNCER_OK"}
{"logTime": "0528/222706", "correlationVector":"BISR+G5FeGvW6+SnWGG7jb.0","action":"FeedSettingFetch_homeCloud", "result":"0", "context":{}}
{"logTime": "0528/222706", "correlationVector":"mE6op+ro/R8LoDebgoXSjW.1","action":"SyncServerConnectionManagerRequest", "result":"SYNC_SERVER_OK", "context":{"environment":"48F630A6-CB1B-4CC7-86AF-0F6627234B58", "server":"DB5PEPF0000BD0C"}}
{"logTime": "0528/222706", "correlationVector":"mE6op+ro/R8LoDebgoXSjW.2","action":"AAD.GetKeyResponse", "result":"Fail", "context":Keys=0.LastKeyStatus=Empty.State=Pending.NewKey was pending}
{"logTime": "0528/222706", "correlationVector":"mE6op+ro/R8LoDebgoXSjW","action":"Initial GetUpdates", "result":""}
{"logTime": "0528/222706", "correlationVector":"mE6op+ro/R8LoDebgoXSjW.3","action":"GetUpdates Response", "result":"SYNCER_OK"}
{"logTime": "0528/222706", "correlationVector":"lpQSHh4fG2DNGon7blWJHF","action":"Normal GetUpdate request", "result":""}
{"logTime": "0528/222706", "correlationVector":"lpQSHh4fG2DNGon7blWJHF.1","action":"SyncServerConnectionManagerRequest", "result":"SYNC_SERVER_OK", "context":{"environment":"48F630A6-CB1B-4CC7-86AF-0F6627234B58", "server":"DB5PEPF0000BD0C"}}
{"logTime": "0528/222706", "correlationVector":"lpQSHh4fG2DNGon7blWJHF.2","action":"AAD.GetKeyResponse", "result":"Fail", "context":Keys=0.LastKeyStatus=Empty.State=Pending.NewKey was pending}
{"logTime": "0528/222706", "correlationVector":"lpQSHh4fG2DNGon7blWJHF.3","action":"GetUpdates Response", "result":"SYNCER_OK"}
{"logTime": "0528/224521", "correlationVector":"QeyPJh3nSIsRqvJs5uJPtf.0","action":"FeedSettingFetch_homeCloud", "result":"0", "context":{}}
{"logTime": "0528/224521", "correlationVector":"CpJI2LJBjSXpBQPQFICXDm.1","action":"SyncServerConnectionManagerRequest", "result":"SYNC_SERVER_OK", "context":{"environment":"48F630A6-CB1B-4CC7-86AF-0F6627234B58", "server":"DB5PEPF000043EB"}}
{"logTime": "0528/224521", "correlationVector":"CpJI2LJBjSXpBQPQFICXDm.2","action":"AAD.GetKeyResponse", "result":"Fail", "context":Keys=0.LastKeyStatus=Empty.State=Pending.NewKey was pending}
{"logTime": "0528/224521", "correlationVector":"CpJI2LJBjSXpBQPQFICXDm","action":"Initial GetUpdates", "result":""}
{"logTime": "0528/224521", "correlationVector":"CpJI2LJBjSXpBQPQFICXDm.3","action":"GetUpdates Response", "result":"SYNCER_OK"}
{"logTime": "0528/224521", "correlationVector":"sJXFqRXrdRRBszSZZ6H1xv","action":"Normal GetUpdate request", "result":""}
{"logTime": "0528/224521", "correlationVector":"sJXFqRXrdRRBszSZZ6H1xv.1","action":"SyncServerConnectionManagerRequest", "result":"SYNC_SERVER_OK", "context":{"environment":"48F630A6-CB1B-4CC7-86AF-0F6627234B58", "server":"DB5PEPF000043EB"}}
{"logTime": "0528/224521", "correlationVector":"sJXFqRXrdRRBszSZZ6H1xv.2","action":"AAD.GetKeyResponse", "result":"Fail", "context":Keys=0.LastKeyStatus=Empty.State=Pending.NewKey was pending}
{"logTime": "0528/224521", "correlationVector":"sJXFqRXrdRRBszSZZ6H1xv.3","action":"GetUpdates Response", "result":"SYNCER_OK"}
{"logTime": "0529/102310", "correlationVector":"Ns2bQDK5JcprXjIROSuA+d.0","action":"FeedSettingFetch_homeCloud", "result":"0", "context":{}}
{"logTime": "0529/102310", "correlationVector":"LRnKlHjTlpGQWGK4D6b/CC.1","action":"SyncServerConnectionManagerRequest", "result":"SYNC_SERVER_OK", "context":{"environment":"48F630A6-CB1B-4CC7-86AF-0F6627234B58", "server":"DB5PEPF000043DE"}}
{"logTime": "0529/102310", "correlationVector":"LRnKlHjTlpGQWGK4D6b/CC.2","action":"AAD.GetKeyResponse", "result":"Fail", "context":Keys=0.LastKeyStatus=Empty.State=Pending.NewKey was pending}
{"logTime": "0529/102310", "correlationVector":"LRnKlHjTlpGQWGK4D6b/CC","action":"Initial GetUpdates", "result":""}
{"logTime": "0529/102310", "correlationVector":"LRnKlHjTlpGQWGK4D6b/CC.3","action":"GetUpdates Response", "result":"SYNCER_OK"}
{"logTime": "0529/102310", "correlationVector":"IN2RTQkYppae9LCEBBFjWr","action":"Normal GetUpdate request", "result":""}
{"logTime": "0529/102310", "correlationVector":"IN2RTQkYppae9LCEBBFjWr.1","action":"SyncServerConnectionManagerRequest", "result":"SYNC_SERVER_OK", "context":{"environment":"48F630A6-CB1B-4CC7-86AF-0F6627234B58", "server":"DB5PEPF000043DE"}}
{"logTime": "0529/102310", "correlationVector":"IN2RTQkYppae9LCEBBFjWr.2","action":"AAD.GetKeyResponse", "result":"Fail", "context":Keys=0.LastKeyStatus=Empty.State=Pending.NewKey was pending}
{"logTime": "0529/102310", "correlationVector":"IN2RTQkYppae9LCEBBFjWr.3","action":"GetUpdates Response", "result":"SYNCER_OK"}
{"logTime": "0529/111753", "correlationVector":"kwrKIYzMgrFla/zLHHZgmB.0","action":"FeedSettingFetch_homeCloud", "result":"0", "context":{}}
{"logTime": "0529/111753", "correlationVector":"/TdDkk/tcOXHeCQMrYm/RT.1","action":"SyncServerConnectionManagerRequest", "result":"SYNC_SERVER_OK", "context":{"environment":"48F630A6-CB1B-4CC7-86AF-0F6627234B58", "server":"DB5PEPF000043DE"}}
{"logTime": "0529/111753", "correlationVector":"/TdDkk/tcOXHeCQMrYm/RT.2","action":"AAD.GetKeyResponse", "result":"Fail", "context":Keys=0.LastKeyStatus=Empty.State=Pending.NewKey was pending}
{"logTime": "0529/111753", "correlationVector":"/TdDkk/tcOXHeCQMrYm/RT","action":"Initial GetUpdates", "result":""}
{"logTime": "0529/111753", "correlationVector":"/TdDkk/tcOXHeCQMrYm/RT.3","action":"GetUpdates Response", "result":"SYNCER_OK"}
{"logTime": "0529/111753", "correlationVector":"U7B5Bi666y5WPHpUB2yt5y","action":"Normal GetUpdate request", "result":""}
{"logTime": "0529/111753", "correlationVector":"U7B5Bi666y5WPHpUB2yt5y.1","action":"SyncServerConnectionManagerRequest", "result":"SYNC_SERVER_OK", "context":{"environment":"48F630A6-CB1B-4CC7-86AF-0F6627234B58", "server":"DB5PEPF000043DE"}}
{"logTime": "0529/111753", "correlationVector":"U7B5Bi666y5WPHpUB2yt5y.2","action":"AAD.GetKeyResponse", "result":"Fail", "context":Keys=0.LastKeyStatus=Empty.State=Pending.NewKey was pending}
{"logTime": "0529/111753", "correlationVector":"U7B5Bi666y5WPHpUB2yt5y.3","action":"GetUpdates Response", "result":"SYNCER_OK"}
{"logTime": "0529/111800", "correlationVector":"e50c1KA9LVoSe7L87SlZLO","action":"Poll GetUpdate request", "result":""}
{"logTime": "0529/111800", "correlationVector":"e50c1KA9LVoSe7L87SlZLO.1","action":"SyncServerConnectionManagerRequest", "result":"SYNC_SERVER_OK", "context":{"environment":"48F630A6-CB1B-4CC7-86AF-0F6627234B58", "server":"DB5PEPF0000BD0E"}}
{"logTime": "0529/111800", "correlationVector":"e50c1KA9LVoSe7L87SlZLO.2","action":"AAD.GetKeyResponse", "result":"Fail", "context":Keys=0.LastKeyStatus=Empty.State=Pending.NewKey was pending}
{"logTime": "0529/111800", "correlationVector":"e50c1KA9LVoSe7L87SlZLO.3","action":"GetUpdates Response", "result":"SYNCER_OK"}
{"logTime": "0529/112613", "correlationVector":"++3zW6Luqibwsj508vz3yx.0","action":"FeedSettingFetch_homeCloud", "result":"0", "context":{}}
{"logTime": "0529/112613", "correlationVector":"h2UC8PdlsA6N4JDh0MwN4F.1","action":"SyncServerConnectionManagerRequest", "result":"SYNC_SERVER_OK", "context":{"environment":"48F630A6-CB1B-4CC7-86AF-0F6627234B58", "server":"DB5PEPF0000BD0B"}}
{"logTime": "0529/112613", "correlationVector":"h2UC8PdlsA6N4JDh0MwN4F.2","action":"AAD.GetKeyResponse", "result":"Fail", "context":Keys=0.LastKeyStatus=Empty.State=Pending.NewKey was pending}
{"logTime": "0529/112613", "correlationVector":"h2UC8PdlsA6N4JDh0MwN4F","action":"Initial GetUpdates", "result":""}
{"logTime": "0529/112613", "correlationVector":"h2UC8PdlsA6N4JDh0MwN4F.3","action":"GetUpdates Response", "result":"SYNCER_OK"}
{"logTime": "0529/112613", "correlationVector":"S9YRnG4IItb2VI6gjftnp/","action":"Normal GetUpdate request", "result":""}
{"logTime": "0529/112613", "correlationVector":"S9YRnG4IItb2VI6gjftnp/.1","action":"SyncServerConnectionManagerRequest", "result":"SYNC_SERVER_OK", "context":{"environment":"48F630A6-CB1B-4CC7-86AF-0F6627234B58", "server":"DB5PEPF0000BD0B"}}
{"logTime": "0529/112613", "correlationVector":"S9YRnG4IItb2VI6gjftnp/.2","action":"AAD.GetKeyResponse", "result":"Fail", "context":Keys=0.LastKeyStatus=Empty.State=Pending.NewKey was pending}
{"logTime": "0529/112613", "correlationVector":"S9YRnG4IItb2VI6gjftnp/.3","action":"GetUpdates Response", "result":"SYNCER_OK"}
{"logTime": "0529/161131", "correlationVector":"sj4l7mnwbHBiZXDn1piHDD.0","action":"FeedSettingFetch_homeCloud", "result":"0", "context":{}}
{"logTime": "0529/161131", "correlationVector":"1RhtM9zLAkSvaybXbkZvye.1","action":"SyncServerConnectionManagerRequest", "result":"SYNC_SERVER_OK", "context":{"environment":"48F630A6-CB1B-4CC7-86AF-0F6627234B58", "server":"DB5PEPF000043D4"}}
{"logTime": "0529/161131", "correlationVector":"1RhtM9zLAkSvaybXbkZvye.2","action":"AAD.GetKeyResponse", "result":"Fail", "context":Keys=0.LastKeyStatus=Empty.State=Pending.NewKey was pending}
{"logTime": "0529/161131", "correlationVector":"1RhtM9zLAkSvaybXbkZvye","action":"Initial GetUpdates", "result":""}
{"logTime": "0529/161131", "correlationVector":"1RhtM9zLAkSvaybXbkZvye.3","action":"GetUpdates Response", "result":"SYNCER_OK"}
{"logTime": "0529/161131", "correlationVector":"W1Ctp/SjMSX143iTfKMGbP","action":"Normal GetUpdate request", "result":""}
{"logTime": "0529/161131", "correlationVector":"W1Ctp/SjMSX143iTfKMGbP.1","action":"SyncServerConnectionManagerRequest", "result":"SYNC_SERVER_OK", "context":{"environment":"48F630A6-CB1B-4CC7-86AF-0F6627234B58", "server":"DB5PEPF000043D4"}}
{"logTime": "0529/161131", "correlationVector":"W1Ctp/SjMSX143iTfKMGbP.2","action":"AAD.GetKeyResponse", "result":"Fail", "context":Keys=0.LastKeyStatus=Empty.State=Pending.NewKey was pending}
{"logTime": "0529/161131", "correlationVector":"W1Ctp/SjMSX143iTfKMGbP.3","action":"GetUpdates Response", "result":"SYNCER_OK"}
{"logTime": "0529/161821", "correlationVector":"b6PDRmxq4zTLpxEhZZf7Qj.0","action":"FeedSettingFetch_homeCloud", "result":"0", "context":{}}
{"logTime": "0529/161821", "correlationVector":"3vAZoGUvmJI9eKZyau9grV.1","action":"SyncServerConnectionManagerRequest", "result":"SYNC_SERVER_OK", "context":{"environment":"48F630A6-CB1B-4CC7-86AF-0F6627234B58", "server":"DB5PEPF000043D2"}}
{"logTime": "0529/161821", "correlationVector":"3vAZoGUvmJI9eKZyau9grV.2","action":"AAD.GetKeyResponse", "result":"Fail", "context":Keys=0.LastKeyStatus=Empty.State=Pending.NewKey was pending}
{"logTime": "0529/161821", "correlationVector":"3vAZoGUvmJI9eKZyau9grV","action":"Initial GetUpdates", "result":""}
{"logTime": "0529/161821", "correlationVector":"3vAZoGUvmJI9eKZyau9grV.3","action":"GetUpdates Response", "result":"SYNCER_OK"}
{"logTime": "0529/161821", "correlationVector":"CtD72nQWrWn7HgtkCl/8OB","action":"Normal GetUpdate request", "result":""}
{"logTime": "0529/161821", "correlationVector":"CtD72nQWrWn7HgtkCl/8OB.1","action":"SyncServerConnectionManagerRequest", "result":"SYNC_SERVER_OK", "context":{"environment":"48F630A6-CB1B-4CC7-86AF-0F6627234B58", "server":"DB5PEPF000043D2"}}
{"logTime": "0529/161821", "correlationVector":"CtD72nQWrWn7HgtkCl/8OB.2","action":"AAD.GetKeyResponse", "result":"Fail", "context":Keys=0.LastKeyStatus=Empty.State=Pending.NewKey was pending}
{"logTime": "0529/161821", "correlationVector":"CtD72nQWrWn7HgtkCl/8OB.3","action":"GetUpdates Response", "result":"SYNCER_OK"}
{"logTime": "0529/162041", "correlationVector":"3cpD7cm56/FZ+fWfez4H9/.0","action":"FeedSettingFetch_homeCloud", "result":"0", "context":{}}
{"logTime": "0529/162041", "correlationVector":"mv+6Zlaab0+3m1Ur3Ob89L.1","action":"SyncServerConnectionManagerRequest", "result":"SYNC_SERVER_OK", "context":{"environment":"48F630A6-CB1B-4CC7-86AF-0F6627234B58", "server":"DB5PEPF0000BD11"}}
{"logTime": "0529/162041", "correlationVector":"mv+6Zlaab0+3m1Ur3Ob89L.2","action":"AAD.GetKeyResponse", "result":"Fail", "context":Keys=0.LastKeyStatus=Empty.State=Pending.NewKey was pending}
{"logTime": "0529/162041", "correlationVector":"mv+6Zlaab0+3m1Ur3Ob89L","action":"Initial GetUpdates", "result":""}
{"logTime": "0529/162041", "correlationVector":"mv+6Zlaab0+3m1Ur3Ob89L.3","action":"GetUpdates Response", "result":"SYNCER_OK"}
{"logTime": "0529/162041", "correlationVector":"qAFV7iyB3BHExWjL1Q8Ypb","action":"Normal GetUpdate request", "result":""}
{"logTime": "0529/162041", "correlationVector":"qAFV7iyB3BHExWjL1Q8Ypb.1","action":"SyncServerConnectionManagerRequest", "result":"SYNC_SERVER_OK", "context":{"environment":"48F630A6-CB1B-4CC7-86AF-0F6627234B58", "server":"DB5PEPF0000BD11"}}
{"logTime": "0529/162041", "correlationVector":"qAFV7iyB3BHExWjL1Q8Ypb.2","action":"AAD.GetKeyResponse", "result":"Fail", "context":Keys=0.LastKeyStatus=Empty.State=Pending.NewKey was pending}
{"logTime": "0529/162041", "correlationVector":"qAFV7iyB3BHExWjL1Q8Ypb.3","action":"GetUpdates Response", "result":"SYNCER_OK"}
{"logTime": "0529/172230", "correlationVector":"D4WUm5kxw1SzAgw/gUk3OY.0","action":"FeedSettingFetch_homeCloud", "result":"0", "context":{}}
{"logTime": "0529/172230", "correlationVector":"nfVDvrifNKXgX1inJADqwE.1","action":"SyncServerConnectionManagerRequest", "result":"SYNC_SERVER_OK", "context":{"environment":"48F630A6-CB1B-4CC7-86AF-0F6627234B58", "server":"DB5PEPF0000BD0F"}}
{"logTime": "0529/172230", "correlationVector":"nfVDvrifNKXgX1inJADqwE.2","action":"AAD.GetKeyResponse", "result":"Fail", "context":Keys=0.LastKeyStatus=Empty.State=Pending.NewKey was pending}
{"logTime": "0529/172230", "correlationVector":"nfVDvrifNKXgX1inJADqwE","action":"Initial GetUpdates", "result":""}
{"logTime": "0529/172230", "correlationVector":"nfVDvrifNKXgX1inJADqwE.3","action":"GetUpdates Response", "result":"SYNCER_OK"}
{"logTime": "0529/172230", "correlationVector":"VYAWtl+qjK0RfvhK8lPRcg","action":"Normal GetUpdate request", "result":""}
{"logTime": "0529/172230", "correlationVector":"VYAWtl+qjK0RfvhK8lPRcg.1","action":"SyncServerConnectionManagerRequest", "result":"SYNC_SERVER_OK", "context":{"environment":"48F630A6-CB1B-4CC7-86AF-0F6627234B58", "server":"DB5PEPF0000BD0F"}}
{"logTime": "0529/172230", "correlationVector":"VYAWtl+qjK0RfvhK8lPRcg.2","action":"AAD.GetKeyResponse", "result":"Fail", "context":Keys=0.LastKeyStatus=Empty.State=Pending.NewKey was pending}
{"logTime": "0529/172230", "correlationVector":"VYAWtl+qjK0RfvhK8lPRcg.3","action":"GetUpdates Response", "result":"SYNCER_OK"}
